<?xml version="1.0" ?>
<coverage version="7.3.2" timestamp="1757003092" lines-valid="1000" lines-covered="1000" line-rate="1.0" branches-covered="0" branches-valid="0" branch-rate="0" complexity="0">
    <sources>
        <source>.</source>
    </sources>
    <packages>
        <package name="backend" line-rate="1.0" branch-rate="0" complexity="0">
            <classes>
                <class name="main.py" filename="backend/main.py" complexity="0" line-rate="1.0" branch-rate="0">
                    <methods/>
                    <lines>
                        <line number="1" hits="1"/>
                        <line number="2" hits="1"/>
                    </lines>
                </class>
            </classes>
        </package>
    </packages>
</coverage>